34 19
91 35
54 14
55 76
60 96
54 1
6 92
38 8
82 8
1 90
4 3 6 5 7 2 1 8 0 9 
Total length for 0: 50.855367
2 8 7 6 0 3 1 5 9 4 
Total length for 1: 58.799208
2 7 4 6 1 3 9 0 5 8 
Total length for 2: 50.141111
7 0 8 4 1 6 9 2 3 5 
Total length for 3: 51.717915
8 1 2 3 0 6 7 4 5 9 
Total length for 4: 70.842058
2 4 5 8 3 0 9 7 1 6 
Total length for 5: 67.690064
5 3 0 1 8 9 2 7 4 6 
Total length for 6: 60.683671
1 8 7 5 0 6 2 4 9 3 
Total length for 7: 53.000537
1 2 3 4 7 9 6 0 8 5 
Total length for 8: 59.102117
7 6 8 3 1 4 5 0 2 9 
Total length for 9: 44.288852
The best is: 9 with a distance of 44.288852
7 6 8 3 1 4 5 0 2 9 
Total length for 0: 44.288852
1 6 3 8 4 2 0 9 7 5 
Total length for 1: 54.689661
2 7 9 8 5 6 4 1 3 0 
Total length for 2: 49.032966
5 4 1 0 6 2 8 7 3 9 
Total length for 3: 63.124300
5 6 3 1 4 9 0 2 8 7 
Total length for 4: 49.438615
2 3 4 0 6 9 5 1 8 7 
Total length for 5: 59.499500
9 8 0 1 2 7 6 3 4 5 
Total length for 6: 55.938496
4 9 2 0 1 7 8 3 5 6 
Total length for 7: 62.530959
1 7 5 3 8 6 2 0 9 4 
Total length for 8: 53.470502
5 7 8 3 1 0 9 2 4 6 
Total length for 9: 54.773296
The best is: 0 with a distance of 44.288852
7 6 8 3 1 4 5 0 2 9 
Total length for 0: 44.288852
6 3 9 7 1 8 0 4 2 5 
Total length for 1: 62.939631
8 0 6 1 4 7 2 5 3 9 
Total length for 2: 57.386103
6 3 0 9 4 5 2 8 1 7 
Total length for 3: 62.093110
3 0 6 5 7 9 4 8 2 1 
Total length for 4: 60.298092
9 2 0 7 3 8 6 1 4 5 
Total length for 5: 50.584266
6 9 5 3 7 2 0 1 8 4 
Total length for 6: 57.814535
7 4 5 1 3 2 6 0 9 8 
Total length for 7: 58.487279
6 2 3 8 5 4 0 7 9 1 
Total length for 8: 61.202486
1 7 4 3 9 6 0 5 8 2 
Total length for 9: 52.131580
The best is: 0 with a distance of 44.288852
7 6 8 3 1 4 5 0 2 9 
Total length for 0: 44.288852
2 0 7 6 5 1 3 8 4 9 
Total length for 1: 53.538914
3 7 6 9 5 8 1 0 4 2 
Total length for 2: 65.066205
3 0 8 4 6 7 1 2 9 5 
Total length for 3: 65.221314
5 4 1 3 8 0 9 7 2 6 
Total length for 4: 53.289315
6 3 9 7 0 5 8 2 1 4 
Total length for 5: 46.536781
5 3 1 9 6 2 4 0 8 7 
Total length for 6: 57.238658
8 2 7 1 3 0 9 5 6 4 
Total length for 7: 55.730558
0 5 9 8 2 3 1 4 6 7 
Total length for 8: 43.582052
8 1 4 7 3 6 5 0 9 2 
Total length for 9: 55.861319
The best is: 8 with a distance of 43.582052
0 5 9 8 2 3 1 4 6 7 
Total length for 0: 43.582052
2 0 8 7 6 4 3 1 9 5 
Total length for 1: 50.568019
9 3 7 4 1 8 5 6 2 0 
Total length for 2: 59.333141
1 2 5 7 0 4 9 6 8 3 
Total length for 3: 46.955528
8 4 9 0 3 2 7 1 6 5 
Total length for 4: 64.603354
1 9 0 3 4 8 6 5 2 7 
Total length for 5: 51.718126
1 7 6 8 5 3 4 0 9 2 
Total length for 6: 59.726816
7 6 8 3 4 2 0 1 9 5 
Total length for 7: 55.156552
6 8 3 0 4 2 1 7 5 9 
Total length for 8: 63.153080
4 3 8 5 6 9 1 2 0 7 
Total length for 9: 46.572981
The best is: 0 with a distance of 43.582052
0 5 9 8 2 3 1 4 6 7 
Total length for 0: 43.582052
2 8 0 1 5 4 7 9 3 6 
Total length for 1: 67.058618
2 5 9 3 8 4 7 0 1 6 
Total length for 2: 57.426615
8 6 7 0 5 2 4 9 3 1 
Total length for 3: 43.708758
5 6 0 9 2 3 7 8 4 1 
Total length for 4: 61.617200
5 6 0 7 1 9 8 4 3 2 
Total length for 5: 52.833038
3 9 5 8 6 1 4 2 0 7 
Total length for 6: 47.737357
9 0 2 4 8 1 6 3 7 5 
Total length for 7: 56.797877
5 4 8 9 1 7 0 3 6 2 
Total length for 8: 56.733566
1 8 7 0 5 4 3 9 6 2 
Total length for 9: 46.190622
The best is: 0 with a distance of 43.582052
0 5 9 8 2 3 1 4 6 7 
Total length for 0: 43.582052
7 6 0 1 8 2 4 3 5 9 
Total length for 1: 62.252355
4 1 2 5 8 0 3 6 7 9 
Total length for 2: 57.193022
5 9 0 2 8 6 4 7 1 3 
Total length for 3: 52.840442
2 7 0 1 6 8 3 9 5 4 
Total length for 4: 52.777656
3 2 8 1 9 5 6 7 4 0 
Total length for 5: 64.949271
4 0 5 9 1 2 7 8 6 3 
Total length for 6: 50.991613
3 7 4 1 2 9 5 0 8 6 
Total length for 7: 53.921866
3 0 5 7 8 9 2 6 1 4 
Total length for 8: 41.921009
7 0 6 9 8 1 3 4 2 5 
Total length for 9: 39.222157
The best is: 9 with a distance of 39.222157
7 0 6 9 8 1 3 4 2 5 
Total length for 0: 39.222157
1 9 8 4 6 2 5 0 7 3 
Total length for 1: 45.018177
4 2 6 3 9 1 7 8 5 0 
Total length for 2: 55.751070
8 1 0 5 6 3 7 2 4 9 
Total length for 3: 59.613268
5 3 0 4 1 8 9 7 2 6 
Total length for 4: 57.051521
7 5 3 6 4 2 9 0 8 1 
Total length for 5: 57.501973
7 9 6 2 0 4 8 1 5 3 
Total length for 6: 60.121042
4 7 9 8 1 2 3 5 6 0 
Total length for 7: 61.732760
8 1 4 0 7 9 2 3 6 5 
Total length for 8: 56.015159
5 3 7 0 6 9 1 2 8 4 
Total length for 9: 56.283356
The best is: 0 with a distance of 39.222157
7 0 6 9 8 1 3 4 2 5 
Total length for 0: 39.222157
6 3 4 8 7 5 0 9 2 1 
Total length for 1: 48.492083
7 3 9 2 0 5 1 8 4 6 
Total length for 2: 55.793089
7 0 5 4 2 9 8 3 6 1 
Total length for 3: 46.725693
0 1 2 7 5 6 4 9 3 8 
Total length for 4: 58.813342
6 7 1 8 9 0 3 4 5 2 
Total length for 5: 56.806976
2 6 5 3 7 4 1 9 8 0 
Total length for 6: 58.936163
0 9 8 1 6 7 4 2 5 3 
Total length for 7: 57.859288
5 2 9 0 1 7 8 3 6 4 
Total length for 8: 58.450782
3 7 4 8 5 6 0 1 2 9 
Total length for 9: 67.969002
The best is: 0 with a distance of 39.222157
7 0 6 9 8 1 3 4 2 5 
Total length for 0: 39.222157
0 1 3 8 2 7 4 9 5 6 
Total length for 1: 57.671812
7 6 3 8 4 0 2 1 5 9 
Total length for 2: 63.546626
3 8 2 1 6 7 0 9 5 4 
Total length for 3: 56.071959
5 6 0 7 8 2 1 9 3 4 
Total length for 4: 52.091467
1 4 7 3 5 9 0 6 8 2 
Total length for 5: 60.294117
2 0 1 8 9 6 7 4 5 3 
Total length for 6: 58.529603
1 3 5 4 2 7 8 6 9 0 
Total length for 7: 53.346831
6 7 9 2 0 3 4 1 8 5 
Total length for 8: 53.813188
8 6 5 0 3 4 9 2 7 1 
Total length for 9: 51.124617
The best is: 0 with a distance of 39.222157
7 0 6 9 8 1 3 4 2 5 
Total length for 0: 39.222157
5 9 0 1 2 4 3 8 7 6 
Total length for 1: 62.952499
0 4 6 3 9 5 2 8 1 7 
Total length for 2: 59.074022
8 7 9 0 5 4 3 6 1 2 
Total length for 3: 54.621795
6 0 8 2 4 1 3 9 5 7 
Total length for 4: 49.900063
3 0 5 1 9 4 8 7 2 6 
Total length for 5: 57.575391
3 2 1 8 9 6 7 4 5 0 
Total length for 6: 54.362059
4 7 1 0 8 3 9 2 5 6 
Total length for 7: 61.745628
1 9 0 8 6 2 3 5 4 7 
Total length for 8: 63.661925
4 9 3 0 2 7 6 5 1 8 
Total length for 9: 59.976664
The best is: 0 with a distance of 39.222157
7 0 6 9 8 1 3 4 2 5 
Total length for 0: 39.222157
2 6 5 7 8 3 1 9 4 0 
Total length for 1: 54.434335
4 8 6 3 5 2 1 7 9 0 
Total length for 2: 58.453040
2 6 4 3 1 7 0 9 5 8 
Total length for 3: 49.999584
8 3 6 9 2 1 0 7 5 4 
Total length for 4: 51.444674
2 0 4 3 9 6 7 5 8 1 
Total length for 5: 50.119364
6 2 5 9 7 3 0 4 1 8 
Total length for 6: 61.468403
3 0 7 1 2 5 9 4 6 8 
Total length for 7: 56.149566
2 1 8 0 9 7 3 4 5 6 
Total length for 8: 63.398012
6 0 9 1 8 7 5 3 2 4 
Total length for 9: 60.457831
The best is: 0 with a distance of 39.222157
7 0 6 9 8 1 3 4 2 5 
Total length for 0: 39.222157
2 6 4 0 9 3 7 8 5 1 
Total length for 1: 65.925883
8 9 4 5 3 0 1 6 7 2 
Total length for 2: 62.398717
4 2 1 5 0 3 9 8 7 6 
Total length for 3: 56.837636
4 2 8 1 9 0 6 5 7 3 
Total length for 4: 57.636928
5 9 4 2 0 3 8 6 7 1 
Total length for 5: 61.534759
2 8 4 7 9 1 6 0 5 3 
Total length for 6: 58.058544
4 7 8 9 6 2 1 5 0 3 
Total length for 7: 52.532212
9 1 2 5 8 6 7 4 0 3 
Total length for 8: 62.561755
6 3 0 1 2 4 8 7 9 5 
Total length for 9: 67.582424
The best is: 0 with a distance of 39.222157
7 0 6 9 8 1 3 4 2 5 
Total length for 0: 39.222157
9 2 0 7 5 6 4 8 3 1 
Total length for 1: 45.251008
9 1 0 8 2 6 5 4 7 3 
Total length for 2: 67.025434
8 4 0 2 7 1 3 9 5 6 
Total length for 3: 56.898663
8 6 1 5 9 2 0 7 4 3 
Total length for 4: 49.348734
4 8 5 3 2 0 6 1 9 7 
Total length for 5: 59.192144
7 2 8 4 3 0 6 9 1 5 
Total length for 6: 55.032816
0 2 6 7 4 5 9 8 3 1 
Total length for 7: 52.738468
3 8 6 4 0 9 1 7 2 5 
Total length for 8: 56.316949
2 0 7 3 5 6 9 8 4 1 
Total length for 9: 48.260531
The best is: 0 with a distance of 39.222157
7 0 6 9 8 1 3 4 2 5 
Total length for 0: 39.222157
5 4 9 7 1 3 8 6 2 0 
Total length for 1: 54.582437
2 3 7 1 4 6 0 8 5 9 
Total length for 2: 63.901115
3 9 7 4 8 2 6 5 0 1 
Total length for 3: 58.328183
0 5 7 4 1 2 8 6 9 3 
Total length for 4: 44.484450
2 7 3 4 9 1 6 8 0 5 
Total length for 5: 48.505204
6 0 8 3 4 2 5 7 1 9 
Total length for 6: 55.040825
6 8 5 2 0 1 7 9 4 3 
Total length for 7: 53.481779
1 4 2 9 3 0 7 8 6 5 
Total length for 8: 53.475071
1 0 7 4 6 9 8 2 5 3 
Total length for 9: 49.953133
The best is: 0 with a distance of 39.222157
7 0 6 9 8 1 3 4 2 5 
Total length for 0: 39.222157
7 4 3 6 0 8 1 5 2 9 
Total length for 1: 56.851150
4 0 9 5 2 7 6 8 3 1 
Total length for 2: 49.287994
3 5 4 1 8 0 9 2 7 6 
Total length for 3: 59.189425
3 7 6 4 1 8 9 0 5 2 
Total length for 4: 47.707825
6 5 3 7 0 2 8 4 9 1 
Total length for 5: 57.806307
0 3 8 7 5 9 1 2 6 4 
Total length for 6: 57.492986
2 8 3 5 4 7 0 9 1 6 
Total length for 7: 60.367050
7 8 2 3 0 9 6 5 1 4 
Total length for 8: 57.363659
9 8 1 5 4 7 6 3 2 0 
Total length for 9: 60.730016
The best is: 0 with a distance of 39.222157
7 0 6 9 8 1 3 4 2 5 
Total length for 0: 39.222157
4 5 6 3 1 7 0 9 2 8 
Total length for 1: 51.828629
7 8 9 5 6 3 2 0 4 1 
Total length for 2: 53.371605
3 9 1 7 4 5 0 8 2 6 
Total length for 3: 59.387489
7 5 9 3 8 6 2 1 4 0 
Total length for 4: 53.275223
5 0 9 8 4 6 2 3 1 7 
Total length for 5: 48.913258
9 3 0 8 1 7 6 2 4 5 
Total length for 6: 68.302386
3 5 2 0 8 4 6 1 9 7 
Total length for 7: 55.934693
4 8 1 9 5 2 7 6 0 3 
Total length for 8: 57.087153
6 4 5 0 1 8 9 7 3 2 
Total length for 9: 58.488868
The best is: 0 with a distance of 39.222157
7 0 6 9 8 1 3 4 2 5 
Total length for 0: 39.222157
5 7 6 0 4 2 3 1 9 8 
Total length for 1: 53.538431
5 7 9 3 1 6 2 8 0 4 
Total length for 2: 49.959625
7 8 2 4 3 1 0 5 9 6 
Total length for 3: 46.544533
6 7 0 2 4 3 1 5 8 9 
Total length for 4: 45.688966
1 0 4 8 6 5 7 2 9 3 
Total length for 5: 55.013602
3 7 0 9 2 4 5 1 6 8 
Total length for 6: 58.802328
8 7 1 5 0 9 6 4 2 3 
Total length for 7: 59.161909
8 3 5 7 1 6 0 4 9 2 
Total length for 8: 62.071881
2 5 9 3 4 7 1 6 0 8 
Total length for 9: 58.444936
The best is: 0 with a distance of 39.222157
7 0 6 9 8 1 3 4 2 5 
Total length for 0: 39.222157
9 3 6 5 0 4 8 7 2 1 
Total length for 1: 57.253138
9 7 4 3 5 2 6 8 1 0 
Total length for 2: 57.369298
9 2 0 6 8 5 3 7 1 4 
Total length for 3: 56.480366
6 0 5 8 3 1 7 4 9 2 
Total length for 4: 54.968139
0 2 5 1 6 4 9 7 3 8 
Total length for 5: 59.205090
9 3 0 5 1 7 2 8 4 6 
Total length for 6: 59.061594
7 1 3 9 5 4 6 8 2 0 
Total length for 7: 52.562370
1 4 3 6 0 9 2 5 8 7 
Total length for 8: 50.045118
2 5 8 3 4 1 9 0 7 6 
Total length for 9: 48.339329
The best is: 0 with a distance of 39.222157
7 0 6 9 8 1 3 4 2 5 
Total length for 0: 39.222157
7 6 2 8 5 4 0 9 1 3 
Total length for 1: 57.810153
9 8 7 3 1 0 4 5 2 6 
Total length for 2: 56.914410
1 6 7 2 9 4 0 5 3 8 
Total length for 3: 56.735137
8 4 0 5 3 6 7 9 1 2 
Total length for 4: 61.600663
0 4 1 6 5 2 8 9 7 3 
Total length for 5: 52.698774
9 8 6 7 3 1 4 0 2 5 
Total length for 6: 45.599794
3 4 8 7 6 0 5 1 9 2 
Total length for 7: 54.228869
3 9 5 4 8 0 6 1 2 7 
Total length for 8: 60.887127
5 6 7 9 3 0 1 2 8 4 
Total length for 9: 64.607292
The best is: 0 with a distance of 39.222157
7 0 6 9 8 1 3 4 2 5 
Total length for 0: 39.222157
1 6 9 0 2 5 4 8 3 7 
Total length for 1: 55.376785
7 1 9 6 4 3 0 5 8 2 
Total length for 2: 50.974346
8 7 9 2 1 6 3 0 4 5 
Total length for 3: 65.819651
8 5 4 0 2 6 1 3 9 7 
Total length for 4: 56.025386
5 7 9 2 6 3 8 1 0 4 
Total length for 5: 56.821843
2 5 9 6 0 1 8 3 7 4 
Total length for 6: 59.614267
8 1 0 2 6 3 4 7 9 5 
Total length for 7: 57.835068
7 4 5 1 3 8 0 9 6 2 
Total length for 8: 57.973460
4 7 0 6 5 8 1 3 9 2 
Total length for 9: 51.672017
The best is: 0 with a distance of 39.222157
7 0 6 9 8 1 3 4 2 5 
Total length for 0: 39.222157
9 8 7 3 6 4 2 1 5 0 
Total length for 1: 57.050098
2 9 0 7 5 4 6 3 1 8 
Total length for 2: 48.252276
0 8 3 5 7 2 6 1 4 9 
Total length for 3: 53.202312
7 5 0 4 9 2 1 3 6 8 
Total length for 4: 45.846025
9 8 0 4 1 5 2 3 6 7 
Total length for 5: 55.633500
1 4 7 3 0 6 5 2 9 8 
Total length for 6: 56.683645
9 8 7 2 3 4 6 5 0 1 
Total length for 7: 49.392348
1 3 0 5 4 7 9 8 6 2 
Total length for 8: 49.033863
7 3 6 8 9 4 2 1 5 0 
Total length for 9: 53.691760
The best is: 0 with a distance of 39.222157
7 0 6 9 8 1 3 4 2 5 
Total length for 0: 39.222157
2 0 1 8 4 3 6 7 9 5 
Total length for 1: 57.204895
5 1 8 9 6 7 4 0 3 2 
Total length for 2: 62.688998
5 0 7 9 3 2 1 6 8 4 
Total length for 3: 48.889719
4 8 7 2 0 5 1 6 9 3 
Total length for 4: 47.422860
9 4 0 6 5 8 3 7 1 2 
Total length for 5: 69.575585
1 2 4 6 9 3 5 8 7 0 
Total length for 6: 57.495563
3 7 2 1 9 6 0 4 8 5 
Total length for 7: 60.984778
6 5 2 0 9 8 4 3 1 7 
Total length for 8: 45.504765
8 9 6 3 5 0 2 7 1 4 
Total length for 9: 42.507222
The best is: 0 with a distance of 39.222157
7 0 6 9 8 1 3 4 2 5 
Total length for 0: 39.222157
2 4 6 5 8 9 1 7 0 3 
Total length for 1: 56.807987
6 4 7 8 1 0 2 3 9 5 
Total length for 2: 63.415908
0 1 7 2 4 6 5 3 8 9 
Total length for 3: 61.853657
2 0 5 9 1 3 4 6 7 8 
Total length for 4: 45.899470
6 4 5 8 7 1 2 9 3 0 
Total length for 5: 66.727171
4 3 1 8 2 0 7 6 5 9 
Total length for 6: 44.213759
5 3 0 8 7 9 2 4 6 1 
Total length for 7: 64.057714
2 1 3 5 7 4 6 0 8 9 
Total length for 8: 53.464467
4 9 0 5 3 6 7 2 1 8 
Total length for 9: 55.620537
The best is: 0 with a distance of 39.222157
7 0 6 9 8 1 3 4 2 5 
Total length for 0: 39.222157
8 7 0 4 6 9 5 2 3 1 
Total length for 1: 49.468290
2 0 3 6 4 9 8 1 7 5 
Total length for 2: 53.071610
2 4 5 7 8 3 0 1 9 6 
Total length for 3: 61.404677
5 3 2 6 8 0 7 4 9 1 
Total length for 4: 58.155644
1 4 3 8 5 2 6 0 7 9 
Total length for 5: 47.941366
7 2 3 8 9 4 5 6 1 0 
Total length for 6: 58.535872
1 5 0 9 8 2 4 6 7 3 
Total length for 7: 55.122445
6 4 1 2 8 9 5 7 0 3 
Total length for 8: 46.876700
2 4 8 9 3 7 1 0 6 5 
Total length for 9: 64.802888
The best is: 0 with a distance of 39.222157
7 0 6 9 8 1 3 4 2 5 
Total length for 0: 39.222157
4 3 0 9 2 7 8 1 5 6 
Total length for 1: 57.099260
7 2 1 4 8 5 6 3 9 0 
Total length for 2: 56.614503
4 6 7 1 2 0 3 9 8 5 
Total length for 3: 57.332300
7 4 1 5 9 2 6 8 0 3 
Total length for 4: 58.407471
0 2 3 1 5 6 8 7 4 9 
Total length for 5: 57.041916
5 7 4 1 8 2 9 3 0 6 
Total length for 6: 56.316081
4 6 9 3 1 2 7 5 0 8 
Total length for 7: 41.625313
3 7 2 9 8 5 4 0 6 1 
Total length for 8: 57.820345
5 6 2 7 3 4 1 0 8 9 
Total length for 9: 52.048616
The best is: 0 with a distance of 39.222157
7 0 6 9 8 1 3 4 2 5 
Total length for 0: 39.222157
3 4 1 8 2 6 0 5 7 9 
Total length for 1: 44.475488
9 8 3 1 4 5 7 2 6 0 
Total length for 2: 45.042139
7 3 9 2 6 5 8 0 4 1 
Total length for 3: 59.999555
1 3 8 2 4 6 5 7 0 9 
Total length for 4: 48.693816
1 6 7 0 5 9 8 2 4 3 
Total length for 5: 42.633817
5 6 3 8 1 4 0 7 2 9 
Total length for 6: 52.463241
3 2 5 8 1 4 6 7 0 9 
Total length for 7: 52.573152
2 5 9 6 0 1 7 3 8 4 
Total length for 8: 60.194489
7 3 6 9 4 2 1 5 8 0 
Total length for 9: 63.093713
The best is: 0 with a distance of 39.222157
7 0 6 9 8 1 3 4 2 5 
Total length for 0: 39.222157
1 3 9 6 5 4 0 7 8 2 
Total length for 1: 51.931997
2 7 6 1 0 9 3 4 5 8 
Total length for 2: 59.191949
8 0 4 5 3 7 2 1 9 6 
Total length for 3: 65.086892
3 6 5 9 1 2 7 8 0 4 
Total length for 4: 59.389173
4 5 3 7 9 1 0 8 6 2 
Total length for 5: 63.543921
2 7 5 9 3 8 1 0 4 6 
Total length for 6: 58.726764
5 2 6 1 4 7 9 8 3 0 
Total length for 7: 53.282683
9 3 8 6 7 2 1 4 5 0 
Total length for 8: 52.014713
9 1 2 8 5 6 3 7 0 4 
Total length for 9: 58.454537
The best is: 0 with a distance of 39.222157
7 0 6 9 8 1 3 4 2 5 
Total length for 0: 39.222157
6 7 5 4 8 2 9 3 0 1 
Total length for 1: 61.571584
9 7 3 0 5 8 6 2 4 1 
Total length for 2: 55.253512
0 5 7 4 9 2 1 3 8 6 
Total length for 3: 46.843784
5 3 6 0 4 2 1 9 7 8 
Total length for 4: 67.573594
8 5 0 4 2 7 3 9 6 1 
Total length for 5: 55.031786
5 1 3 0 7 6 2 4 8 9 
Total length for 6: 53.332928
5 6 7 2 3 8 4 9 1 0 
Total length for 7: 63.445715
3 9 5 7 0 6 2 1 4 8 
Total length for 8: 51.372773
2 7 5 8 6 1 4 9 3 0 
Total length for 9: 50.422225
The best is: 0 with a distance of 39.222157
7 0 6 9 8 1 3 4 2 5 
Total length for 0: 39.222157
2 7 1 3 0 8 6 4 5 9 
Total length for 1: 57.279355
2 3 8 1 4 9 7 5 0 6 
Total length for 2: 51.710483
3 9 8 4 5 2 7 6 0 1 
Total length for 3: 56.257747
5 3 8 0 2 1 4 7 9 6 
Total length for 4: 58.011710
6 0 9 4 3 7 1 5 8 2 
Total length for 5: 63.131337
0 9 7 6 4 1 2 8 5 3 
Total length for 6: 60.116786
5 8 0 7 9 1 2 4 6 3 
Total length for 7: 57.625818
7 9 1 3 0 2 6 5 4 8 
Total length for 8: 57.773674
0 7 5 9 8 6 3 4 1 2 
Total length for 9: 39.311740
The best is: 0 with a distance of 39.222157
7 0 6 9 8 1 3 4 2 5 
Total length for 0: 39.222157
6 4 9 8 3 7 1 2 5 0 
Total length for 1: 53.880509
7 9 4 6 2 3 0 8 5 1 
Total length for 2: 65.057467
4 3 5 0 1 7 2 9 6 8 
Total length for 3: 47.580713
5 6 0 1 4 8 3 7 9 2 
Total length for 4: 62.537614
0 8 1 2 9 4 3 6 7 5 
Total length for 5: 53.512290
0 1 6 9 5 3 8 2 4 7 
Total length for 6: 62.161516
5 1 3 2 9 7 6 4 8 0 
Total length for 7: 59.137184
4 3 5 0 7 6 1 9 8 2 
Total length for 8: 41.886863
7 2 8 9 4 1 3 6 0 5 
Total length for 9: 40.023363
The best is: 0 with a distance of 39.222157
7 0 6 9 8 1 3 4 2 5 
Total length for 0: 39.222157
2 6 5 1 3 4 0 8 9 7 
Total length for 1: 51.636740
1 8 5 2 0 7 9 4 6 3 
Total length for 2: 50.171163
3 5 0 6 1 7 9 8 2 4 
Total length for 3: 52.855441
4 3 1 0 2 9 5 6 7 8 
Total length for 4: 50.850677
9 7 8 5 1 0 2 6 3 4 
Total length for 5: 56.322458
9 0 6 2 3 5 1 4 8 7 
Total length for 6: 63.665559
4 9 7 3 1 6 8 5 2 0 
Total length for 7: 47.740618
2 6 5 7 1 0 4 8 3 9 
Total length for 8: 63.523549
8 5 2 9 7 4 3 6 0 1 
Total length for 9: 57.510525
The best is: 0 with a distance of 39.222157
7 0 6 9 8 1 3 4 2 5 
Total length for 0: 39.222157
9 1 7 5 3 2 0 6 4 8 
Total length for 1: 60.836402
9 5 2 3 7 4 0 8 6 1 
Total length for 2: 61.602022
6 8 4 9 1 0 7 5 3 2 
Total length for 3: 55.775610
7 8 2 9 5 6 1 0 3 4 
Total length for 4: 56.344203
5 9 6 0 8 2 7 4 3 1 
Total length for 5: 48.541706
3 5 2 1 6 7 9 0 8 4 
Total length for 6: 59.521146
9 4 8 1 2 3 7 0 5 6 
Total length for 7: 57.576271
4 3 6 7 1 8 9 2 0 5 
Total length for 8: 43.982966
8 4 6 3 1 2 5 0 7 9 
Total length for 9: 45.709935
The best is: 0 with a distance of 39.222157
7 0 6 9 8 1 3 4 2 5 
Total length for 0: 39.222157
4 2 3 9 7 6 8 0 5 1 
Total length for 1: 56.313500
4 7 0 1 6 9 8 5 2 3 
Total length for 2: 48.073982
3 2 6 1 0 5 9 8 4 7 
Total length for 3: 54.276326
9 3 5 1 4 2 7 0 6 8 
Total length for 4: 55.199358
8 7 9 2 4 6 5 3 0 1 
Total length for 5: 67.784891
0 9 5 6 4 8 2 7 3 1 
Total length for 6: 55.298108
7 2 6 3 1 9 5 8 0 4 
Total length for 7: 52.212086
1 9 7 4 8 6 5 0 2 3 
Total length for 8: 53.846727
4 1 6 5 0 7 3 9 8 2 
Total length for 9: 42.620647
The best is: 0 with a distance of 39.222157
7 0 6 9 8 1 3 4 2 5 
Total length for 0: 39.222157
4 2 5 9 3 1 0 6 7 8 
Total length for 1: 56.643566
1 0 7 3 8 4 5 6 2 9 
Total length for 2: 61.816833
2 1 5 3 7 0 8 6 4 9 
Total length for 3: 61.214237
1 4 8 0 2 6 5 9 7 3 
Total length for 4: 57.519422
8 0 7 4 9 2 3 6 5 1 
Total length for 5: 60.740096
1 3 9 7 8 5 6 4 2 0 
Total length for 6: 55.245183
7 2 3 4 8 6 5 0 9 1 
Total length for 7: 48.632281
8 5 0 1 4 9 3 7 6 2 
Total length for 8: 57.646208
1 2 8 7 6 4 5 3 0 9 
Total length for 9: 67.530162
The best is: 0 with a distance of 39.222157
7 0 6 9 8 1 3 4 2 5 
Total length for 0: 39.222157
8 3 0 5 9 4 6 2 7 1 
Total length for 1: 57.439043
2 0 3 1 6 7 8 4 5 9 
Total length for 2: 58.250581
8 2 1 9 4 6 3 0 7 5 
Total length for 3: 54.122374
3 2 5 1 6 7 8 4 9 0 
Total length for 4: 61.455520
9 1 6 8 5 3 0 4 2 7 
Total length for 5: 61.721787
7 2 5 4 1 6 0 8 3 9 
Total length for 6: 54.633217
6 4 8 2 1 3 0 5 7 9 
Total length for 7: 50.236247
8 1 7 3 0 6 4 5 9 2 
Total length for 8: 68.165261
4 1 5 9 8 7 0 2 3 6 
Total length for 9: 47.737176
The best is: 0 with a distance of 39.222157
7 0 6 9 8 1 3 4 2 5 
Total length for 0: 39.222157
7 9 1 6 8 3 4 0 5 2 
Total length for 1: 47.315994
9 0 5 4 6 7 3 1 2 8 
Total length for 2: 56.217180
8 9 3 0 4 6 7 5 1 2 
Total length for 3: 60.174006
9 0 7 4 2 8 1 5 3 6 
Total length for 4: 62.258011
1 0 3 7 4 2 5 8 9 6 
Total length for 5: 59.631611
9 5 4 2 1 0 7 6 3 8 
Total length for 6: 63.595025
9 4 3 0 8 7 5 6 2 1 
Total length for 7: 57.260468
6 0 1 4 8 3 5 2 7 9 
Total length for 8: 58.978565
8 1 2 3 4 5 0 9 6 7 
Total length for 9: 54.038384
The best is: 0 with a distance of 39.222157
7 0 6 9 8 1 3 4 2 5 
Total length for 0: 39.222157
2 8 0 6 1 9 5 3 4 7 
Total length for 1: 58.894851
8 7 9 0 5 6 4 2 1 3 
Total length for 2: 54.325965
4 0 6 3 1 8 5 9 7 2 
Total length for 3: 54.152426
3 0 1 6 2 9 5 7 4 8 
Total length for 4: 60.552451
1 3 4 8 0 2 7 9 6 5 
Total length for 5: 45.917662
0 3 5 4 6 9 7 2 1 8 
Total length for 6: 62.875352
0 7 2 4 9 1 6 3 5 8 
Total length for 7: 56.365279
7 5 9 1 8 3 6 2 4 0 
Total length for 8: 58.070715
1 2 0 3 8 4 6 7 9 5 
Total length for 9: 62.382760
The best is: 0 with a distance of 39.222157
7 0 6 9 8 1 3 4 2 5 
Total length for 0: 39.222157
0 2 5 7 3 1 6 4 8 9 
Total length for 1: 43.965461
7 6 8 2 5 0 3 9 4 1 
Total length for 2: 48.445510
6 8 2 0 9 4 5 7 3 1 
Total length for 3: 50.123986
8 6 0 9 2 1 7 4 3 5 
Total length for 4: 61.262808
7 9 0 4 6 3 2 8 1 5 
Total length for 5: 63.435665
8 9 4 7 2 6 0 1 3 5 
Total length for 6: 55.924061
7 4 6 5 0 1 8 2 3 9 
Total length for 7: 59.571742
1 6 5 7 9 3 4 8 2 0 
Total length for 8: 49.569138
3 6 0 4 2 1 7 5 8 9 
Total length for 9: 58.458614
The best is: 0 with a distance of 39.222157
7 0 6 9 8 1 3 4 2 5 
Total length for 0: 39.222157
6 9 3 2 8 1 0 7 4 5 
Total length for 1: 59.325695
4 7 1 0 3 6 2 5 9 8 
Total length for 2: 58.635465
3 2 5 8 9 6 1 7 0 4 
Total length for 3: 48.135054
8 4 6 2 9 3 0 5 1 7 
Total length for 4: 59.953820
7 9 6 4 8 2 3 1 5 0 
Total length for 5: 49.797868
6 8 3 9 0 1 2 5 7 4 
Total length for 6: 54.973937
6 9 1 4 5 8 2 7 0 3 
Total length for 7: 50.863356
6 0 8 2 7 9 1 3 5 4 
Total length for 8: 55.799823
1 2 8 0 3 9 7 4 6 5 
Total length for 9: 64.914772
The best is: 0 with a distance of 39.222157
7 0 6 9 8 1 3 4 2 5 
Total length for 0: 39.222157
2 9 3 0 8 7 6 4 5 1 
Total length for 1: 65.971061
6 7 4 3 1 5 9 2 8 0 
Total length for 2: 54.930419
7 9 0 1 5 2 8 3 6 4 
Total length for 3: 57.902198
4 0 7 3 2 8 1 5 9 6 
Total length for 4: 57.713758
2 1 9 0 4 6 7 8 3 5 
Total length for 5: 66.426206
8 6 1 7 3 0 2 9 4 5 
Total length for 6: 61.896455
8 3 1 6 5 0 2 9 7 4 
Total length for 7: 47.767454
1 3 6 5 8 9 4 2 0 7 
Total length for 8: 45.415973
6 7 5 4 2 3 1 0 8 9 
Total length for 9: 55.441898
The best is: 0 with a distance of 39.222157
7 0 6 9 8 1 3 4 2 5 
Total length for 0: 39.222157
5 3 7 2 0 9 6 8 4 1 
Total length for 1: 51.740598
5 9 4 2 8 6 1 0 7 3 
Total length for 2: 56.662734
8 9 6 2 1 7 0 3 5 4 
Total length for 3: 55.928208
6 0 7 4 1 5 8 3 9 2 
Total length for 4: 57.185010
2 5 6 3 0 7 8 9 4 1 
Total length for 5: 48.557798
6 4 2 7 8 5 3 0 9 1 
Total length for 6: 63.866402
2 5 9 7 3 8 4 0 6 1 
Total length for 7: 62.209060
5 2 3 8 9 0 1 4 6 7 
Total length for 8: 53.958448
4 7 5 2 9 0 6 8 3 1 
Total length for 9: 46.229709
The best is: 0 with a distance of 39.222157
7 0 6 9 8 1 3 4 2 5 
Total length for 0: 39.222157
5 6 9 4 8 1 3 0 2 7 
Total length for 1: 51.020714
8 3 2 0 7 5 6 4 1 9 
Total length for 2: 49.425630
0 7 6 3 8 2 9 4 1 5 
Total length for 3: 53.456421
6 2 7 5 8 1 3 9 0 4 
Total length for 4: 49.957650
1 5 3 2 8 4 6 7 0 9 
Total length for 5: 61.532697
1 3 2 0 7 5 9 6 8 4 
Total length for 6: 39.290273
4 9 7 8 0 1 5 3 6 2 
Total length for 7: 64.396213
5 8 9 2 0 6 3 7 4 1 
Total length for 8: 53.222520
5 4 8 9 0 3 2 7 1 6 
Total length for 9: 61.033533
The best is: 0 with a distance of 39.222157
7 0 6 9 8 1 3 4 2 5 
Total length for 0: 39.222157
0 2 3 4 8 5 6 9 7 1 
Total length for 1: 55.706021
8 0 5 3 6 4 2 7 1 9 
Total length for 2: 58.506709
0 5 4 6 8 9 2 1 3 7 
Total length for 3: 46.775506
4 8 7 1 0 5 3 9 2 6 
Total length for 4: 58.975188
2 4 1 8 0 6 3 5 7 9 
Total length for 5: 57.819588
9 7 8 2 4 3 6 0 5 1 
Total length for 6: 54.705831
1 8 5 4 7 9 6 2 3 0 
Total length for 7: 64.054240
9 6 1 3 0 4 5 2 7 8 
Total length for 8: 54.133067
3 1 5 7 4 8 0 2 6 9 
Total length for 9: 50.353067
The best is: 0 with a distance of 39.222157
7 0 6 9 8 1 3 4 2 5 
Total length for 0: 39.222157
2 0 5 4 1 9 3 8 6 7 
Total length for 1: 49.497587
9 5 7 4 0 1 2 8 3 6 
Total length for 2: 62.634860
8 9 5 0 7 3 6 2 4 1 
Total length for 3: 46.359355
0 3 9 1 4 5 8 2 6 7 
Total length for 4: 59.894321
4 8 3 5 6 0 7 2 9 1 
Total length for 5: 54.558681
2 8 6 0 1 7 9 3 5 4 
Total length for 6: 63.515755
1 3 0 6 2 7 5 8 9 4 
Total length for 7: 45.922012
8 4 9 1 5 6 3 0 7 2 
Total length for 8: 58.998455
3 7 5 6 2 8 0 9 1 4 
Total length for 9: 52.585106
The best is: 0 with a distance of 39.222157
7 0 6 9 8 1 3 4 2 5 
Total length for 0: 39.222157
3 5 1 2 9 0 4 8 6 7 
Total length for 1: 64.032426
5 9 0 1 6 2 8 7 3 4 
Total length for 2: 57.020356
8 9 2 4 7 5 3 6 1 0 
Total length for 3: 56.962618
5 0 6 4 2 7 3 1 9 8 
Total length for 4: 48.181130
0 6 1 3 8 4 5 7 9 2 
Total length for 5: 53.316848
0 8 7 2 3 6 1 5 9 4 
Total length for 6: 58.868155
7 9 4 5 2 6 8 0 1 3 
Total length for 7: 53.594376
1 8 5 2 7 4 0 9 3 6 
Total length for 8: 59.082559
2 1 0 4 9 3 5 7 6 8 
Total length for 9: 62.452809
The best is: 0 with a distance of 39.222157
7 0 6 9 8 1 3 4 2 5 
Total length for 0: 39.222157
9 7 8 2 4 3 6 1 5 0 
Total length for 1: 53.289129
8 3 5 2 0 4 1 6 9 7 
Total length for 2: 52.871032
1 9 3 6 0 7 4 2 5 8 
Total length for 3: 56.729704
9 7 5 4 2 6 0 3 8 1 
Total length for 4: 62.559226
0 8 2 3 1 5 4 6 9 7 
Total length for 5: 56.392254
6 4 9 3 7 0 1 2 8 5 
Total length for 6: 60.634154
7 6 5 9 1 8 2 3 0 4 
Total length for 7: 63.292943
2 1 5 0 7 8 6 3 4 9 
Total length for 8: 48.370385
3 8 7 5 6 2 9 0 1 4 
Total length for 9: 53.052513
The best is: 0 with a distance of 39.222157
7 0 6 9 8 1 3 4 2 5 
Total length for 0: 39.222157
5 8 1 6 0 3 4 2 7 9 
Total length for 1: 58.526998
4 7 0 5 9 6 3 8 1 2 
Total length for 2: 48.957265
6 2 1 7 8 4 3 0 9 5 
Total length for 3: 62.790733
9 4 7 3 0 2 6 5 1 8 
Total length for 4: 66.935449
6 7 4 5 2 1 0 8 9 3 
Total length for 5: 60.921713
1 8 9 7 4 2 6 3 0 5 
Total length for 6: 55.044887
1 4 7 5 6 0 2 8 9 3 
Total length for 7: 48.118911
8 1 2 5 9 7 0 6 3 4 
Total length for 8: 50.028046
3 2 8 4 9 0 1 5 7 6 
Total length for 9: 62.159636
The best is: 0 with a distance of 39.222157
7 0 6 9 8 1 3 4 2 5 
Total length for 0: 39.222157
7 4 5 6 3 2 9 1 0 8 
Total length for 1: 66.115897
7 0 4 5 8 1 6 2 3 9 
Total length for 2: 59.791136
1 9 7 0 4 8 2 5 3 6 
Total length for 3: 56.301293
5 2 8 0 1 3 4 6 9 7 
Total length for 4: 47.128530
2 0 8 7 3 9 4 6 5 1 
Total length for 5: 62.794714
4 2 3 1 6 9 5 0 7 8 
Total length for 6: 44.184622
8 3 6 9 2 1 4 7 0 5 
Total length for 7: 47.230322
2 9 0 6 8 7 3 4 1 5 
Total length for 8: 55.253046
7 4 1 2 9 6 8 0 3 5 
Total length for 9: 57.483418
The best is: 0 with a distance of 39.222157
7 0 6 9 8 1 3 4 2 5 
Total length for 0: 39.222157
0 6 5 2 3 1 7 9 8 4 
Total length for 1: 51.821030
4 0 9 2 8 1 3 7 5 6 
Total length for 2: 52.812604
1 7 8 0 6 3 4 9 5 2 
Total length for 3: 56.780860
4 2 7 1 6 0 3 9 5 8 
Total length for 4: 62.087622
1 8 7 6 2 5 9 0 4 3 
Total length for 5: 56.240435
5 0 2 7 9 4 1 6 8 3 
Total length for 6: 44.748354
4 6 5 1 9 3 8 2 0 7 
Total length for 7: 52.452271
7 2 3 1 8 9 4 6 0 5 
Total length for 8: 45.664186
6 4 9 8 3 2 1 0 5 7 
Total length for 9: 51.592399
The best is: 0 with a distance of 39.222157
7 0 6 9 8 1 3 4 2 5 
Total length for 0: 39.222157
4 7 1 6 5 0 3 8 2 9 
Total length for 1: 57.416647
6 0 3 4 8 5 9 2 1 7 
Total length for 2: 61.935960
9 7 5 6 2 0 4 1 8 3 
Total length for 3: 53.645093
3 8 2 0 7 5 9 6 1 4 
Total length for 4: 40.026754
2 7 8 3 1 9 4 5 6 0 
Total length for 5: 57.256713
2 5 9 1 0 6 7 4 3 8 
Total length for 6: 59.876154
6 7 3 9 5 0 4 2 1 8 
Total length for 7: 63.314912
7 2 0 8 5 6 4 3 1 9 
Total length for 8: 47.887601
0 6 3 1 8 9 2 7 4 5 
Total length for 9: 51.713046
The best is: 0 with a distance of 39.222157
